<?xml version="1.0" encoding="UTF-8"?>
<!-- Generated by org.testng.reporters.JUnitReportReporter -->
<testsuite hostname="Infanta" failures="0" tests="2" name="TestNGPackage.DataProviderEx1" time="0.006" errors="0" timestamp="2024-10-04T15:37:01 IST" skipped="0">
  <testcase classname="TestNGPackage.DataProviderEx1" name="bookTickets" time="0.006"/>
  <system-out/>
  <testcase classname="TestNGPackage.DataProviderEx1" name="bookTickets" time="0.000"/>
  <system-out/>
</testsuite> <!-- TestNGPackage.DataProviderEx1 -->
