<?xml version="1.0" encoding="UTF-8"?>
<!-- Generated by org.testng.reporters.JUnitReportReporter -->
<testsuite hostname="Infanta" failures="0" tests="4"
	name="TestNGPackage.SampleTest1" time="0.009" errors="0"
	timestamp="2024-09-18T16:20:08 IST" skipped="0">
	<testcase classname="TestNGPackage.SampleTest1" name="deleteContact"
		time="0.001" />
	<system-out />
	<testcase classname="TestNGPackage.SampleTest1" name="modifyContact"
		time="0.008" />
	<system-out />
	<testcase classname="TestNGPackage.SampleTest1" name="createContact"
		time="0.000" />
	<system-out />
	<testcase classname="TestNGPackage.SampleTest1" name="createContact"
		time="0.000" />
	<system-out />
</testsuite> <!-- TestNGPackage.SampleTest1 -->
