<?xml version="1.0" encoding="UTF-8"?>
<!-- Generated by org.testng.reporters.JUnitReportReporter -->
<testsuite hostname="Infanta" failures="0" tests="3"
	name="TestNGPackage.SampleTest" time="0.010" errors="0"
	timestamp="2024-09-18T15:47:38 IST" skipped="0">
	<testcase classname="TestNGPackage.SampleTest" name="modifyContact"
		time="0.008" />
	<system-out />
	<testcase classname="TestNGPackage.SampleTest" name="createContact"
		time="0.001" />
	<system-out />
	<testcase classname="TestNGPackage.SampleTest" name="deleteContact"
		time="0.001" />
	<system-out />
</testsuite> <!-- TestNGPackage.SampleTest -->
