<?xml version="1.0" encoding="UTF-8"?>
<!-- Generated by org.testng.reporters.JUnitReportReporter -->
<testsuite hostname="Infanta" failures="0" tests="3"
	name="TestNGPackage.DataProviderEx2" time="37.361" errors="0"
	timestamp="2024-09-19T15:53:13 IST" skipped="0">
	<testcase classname="TestNGPackage.DataProviderEx2" name="Organisation"
		time="11.711" />
	<system-out />
	<testcase classname="TestNGPackage.DataProviderEx2" name="Organisation"
		time="14.298" />
	<system-out />
	<testcase classname="TestNGPackage.DataProviderEx2" name="Organisation"
		time="11.352" />
	<system-out />
</testsuite> <!-- TestNGPackage.DataProviderEx2 -->
